---------------------------------------------------------------
[ 2019-05-05T15:53:07+08:00 ] 0.0.0.0 GET /tp5.1/public/
[ info ] localhost/tp5.1/public/ [运行时间：0.029100s][吞吐率：34.36req/s] [内存消耗：1,192.99kb] [文件加载：45]
[ info ] [ LANG ] D:\wamp64\www\tp5.1\thinkphp/lang/zh-cn.php
[ info ] [ ROUTE ] array (
)
[ info ] [ HEADER ] array (
  'host' => 'localhost',
  'connection' => 'keep-alive',
  'upgrade-insecure-requests' => '1',
  'user-agent' => 'Mozilla/5.0 (Windows NT 10.0; WOW64) AppleWebKit/537.36 (KHTML, like Gecko) Chrome/63.0.3239.132 Safari/537.36',
  'accept' => 'text/html,application/xhtml+xml,application/xml;q=0.9,image/webp,image/apng,*/*;q=0.8',
  'accept-encoding' => 'gzip, deflate, br',
  'accept-language' => 'zh-CN,zh;q=0.9',
  'cookie' => 'home_lang=cn; admin_lang=cn; PHPSESSID=3s0sabj3i34bne0h72b15vvbi2; workspaceParam=index%7COther',
)
[ info ] [ PARAM ] array (
)
[ info ] [ LOG ] INIT File
---------------------------------------------------------------
[ 2019-05-05T15:56:16+08:00 ] 0.0.0.0 GET /tp5.1/public/index.php
[ info ] localhost/tp5.1/public/index.php [运行时间：0.030868s][吞吐率：32.40req/s] [内存消耗：1,193.27kb] [文件加载：45]
[ info ] [ LANG ] D:\wamp64\www\tp5.1\thinkphp/lang/zh-cn.php
[ info ] [ ROUTE ] array (
)
[ info ] [ HEADER ] array (
  'host' => 'localhost',
  'connection' => 'keep-alive',
  'upgrade-insecure-requests' => '1',
  'user-agent' => 'Mozilla/5.0 (Windows NT 10.0; WOW64) AppleWebKit/537.36 (KHTML, like Gecko) Chrome/63.0.3239.132 Safari/537.36',
  'accept' => 'text/html,application/xhtml+xml,application/xml;q=0.9,image/webp,image/apng,*/*;q=0.8',
  'accept-encoding' => 'gzip, deflate, br',
  'accept-language' => 'zh-CN,zh;q=0.9',
  'cookie' => 'home_lang=cn; admin_lang=cn; PHPSESSID=3s0sabj3i34bne0h72b15vvbi2; workspaceParam=index%7COther; pgv_pvi=9683222528; pgv_si=s5169178624',
)
[ info ] [ PARAM ] array (
)
[ info ] [ LOG ] INIT File
---------------------------------------------------------------
[ 2019-05-05T15:56:20+08:00 ] 0.0.0.0 GET /tp5.1/public/index.php
[ info ] localhost/tp5.1/public/index.php [运行时间：0.023331s][吞吐率：42.86req/s] [内存消耗：1,193.79kb] [文件加载：45]
[ info ] [ LANG ] D:\wamp64\www\tp5.1\thinkphp/lang/zh-cn.php
[ info ] [ ROUTE ] array (
)
[ info ] [ HEADER ] array (
  'host' => 'localhost',
  'connection' => 'keep-alive',
  'cache-control' => 'max-age=0',
  'upgrade-insecure-requests' => '1',
  'user-agent' => 'Mozilla/5.0 (Windows NT 10.0; WOW64) AppleWebKit/537.36 (KHTML, like Gecko) Chrome/63.0.3239.132 Safari/537.36',
  'accept' => 'text/html,application/xhtml+xml,application/xml;q=0.9,image/webp,image/apng,*/*;q=0.8',
  'accept-encoding' => 'gzip, deflate, br',
  'accept-language' => 'zh-CN,zh;q=0.9',
  'cookie' => 'home_lang=cn; admin_lang=cn; PHPSESSID=3s0sabj3i34bne0h72b15vvbi2; workspaceParam=index%7COther; pgv_pvi=9683222528; pgv_si=s5169178624',
)
[ info ] [ PARAM ] array (
)
[ info ] [ LOG ] INIT File
---------------------------------------------------------------
[ 2019-05-05T15:56:27+08:00 ] 0.0.0.0 GET /tp5.1/public/admin.php
[ info ] localhost/tp5.1/public/admin.php [运行时间：0.038268s][吞吐率：26.13req/s] [内存消耗：1,309.37kb] [文件加载：48]
[ info ] [ LANG ] D:\wamp64\www\tp5.1\thinkphp/lang/zh-cn.php
[ info ] [ ROUTE ] array (
)
[ info ] [ HEADER ] array (
  'host' => 'localhost',
  'connection' => 'keep-alive',
  'upgrade-insecure-requests' => '1',
  'user-agent' => 'Mozilla/5.0 (Windows NT 10.0; WOW64) AppleWebKit/537.36 (KHTML, like Gecko) Chrome/63.0.3239.132 Safari/537.36',
  'accept' => 'text/html,application/xhtml+xml,application/xml;q=0.9,image/webp,image/apng,*/*;q=0.8',
  'accept-encoding' => 'gzip, deflate, br',
  'accept-language' => 'zh-CN,zh;q=0.9',
  'cookie' => 'home_lang=cn; admin_lang=cn; PHPSESSID=3s0sabj3i34bne0h72b15vvbi2; workspaceParam=index%7COther; pgv_pvi=9683222528; pgv_si=s5169178624',
)
[ info ] [ PARAM ] array (
)
[ info ] [ LOG ] INIT File
---------------------------------------------------------------
[ 2019-05-05T16:01:25+08:00 ] 0.0.0.0 GET /tp5.1/public/
[ info ] localhost/tp5.1/public/ [运行时间：0.030076s][吞吐率：33.25req/s] [内存消耗：1,193.26kb] [文件加载：45]
[ info ] [ LANG ] D:\wamp64\www\tp5.1\thinkphp/lang/zh-cn.php
[ info ] [ ROUTE ] array (
)
[ info ] [ HEADER ] array (
  'host' => 'localhost',
  'connection' => 'keep-alive',
  'upgrade-insecure-requests' => '1',
  'user-agent' => 'Mozilla/5.0 (Windows NT 10.0; WOW64) AppleWebKit/537.36 (KHTML, like Gecko) Chrome/63.0.3239.132 Safari/537.36',
  'accept' => 'text/html,application/xhtml+xml,application/xml;q=0.9,image/webp,image/apng,*/*;q=0.8',
  'accept-encoding' => 'gzip, deflate, br',
  'accept-language' => 'zh-CN,zh;q=0.9',
  'cookie' => 'home_lang=cn; admin_lang=cn; PHPSESSID=3s0sabj3i34bne0h72b15vvbi2; workspaceParam=index%7COther; pgv_pvi=9683222528; pgv_si=s5169178624',
)
[ info ] [ PARAM ] array (
)
[ info ] [ LOG ] INIT File
---------------------------------------------------------------
[ 2019-05-05T16:20:56+08:00 ] 0.0.0.0 GET /tp5.1/public/
[ info ] localhost/tp5.1/public/ [运行时间：0.023962s][吞吐率：41.73req/s] [内存消耗：1,193.26kb] [文件加载：45]
[ info ] [ LANG ] D:\wamp64\www\tp5.1\thinkphp/lang/zh-cn.php
[ info ] [ ROUTE ] array (
)
[ info ] [ HEADER ] array (
  'host' => 'localhost',
  'connection' => 'keep-alive',
  'upgrade-insecure-requests' => '1',
  'user-agent' => 'Mozilla/5.0 (Windows NT 10.0; WOW64) AppleWebKit/537.36 (KHTML, like Gecko) Chrome/63.0.3239.132 Safari/537.36',
  'accept' => 'text/html,application/xhtml+xml,application/xml;q=0.9,image/webp,image/apng,*/*;q=0.8',
  'accept-encoding' => 'gzip, deflate, br',
  'accept-language' => 'zh-CN,zh;q=0.9',
  'cookie' => 'home_lang=cn; admin_lang=cn; PHPSESSID=3s0sabj3i34bne0h72b15vvbi2; workspaceParam=index%7COther; pgv_pvi=9683222528; pgv_si=s5169178624',
)
[ info ] [ PARAM ] array (
)
[ info ] [ LOG ] INIT File
---------------------------------------------------------------
[ 2019-05-05T16:26:41+08:00 ] 0.0.0.0 GET /tp5.1/public/index.php
[ info ] localhost/tp5.1/public/index.php [运行时间：0.027702s][吞吐率：36.10req/s] [内存消耗：1,193.27kb] [文件加载：45]
[ info ] [ LANG ] D:\wamp64\www\tp5.1\thinkphp/lang/zh-cn.php
[ info ] [ ROUTE ] array (
)
[ info ] [ HEADER ] array (
  'host' => 'localhost',
  'connection' => 'keep-alive',
  'upgrade-insecure-requests' => '1',
  'user-agent' => 'Mozilla/5.0 (Windows NT 10.0; WOW64) AppleWebKit/537.36 (KHTML, like Gecko) Chrome/63.0.3239.132 Safari/537.36',
  'accept' => 'text/html,application/xhtml+xml,application/xml;q=0.9,image/webp,image/apng,*/*;q=0.8',
  'accept-encoding' => 'gzip, deflate, br',
  'accept-language' => 'zh-CN,zh;q=0.9',
  'cookie' => 'home_lang=cn; admin_lang=cn; PHPSESSID=3s0sabj3i34bne0h72b15vvbi2; workspaceParam=index%7COther; pgv_pvi=9683222528; pgv_si=s5169178624',
)
[ info ] [ PARAM ] array (
)
[ info ] [ LOG ] INIT File
---------------------------------------------------------------
[ 2019-05-05T16:28:43+08:00 ] 0.0.0.0 GET /tp5.1/public/index.php
[ info ] localhost/tp5.1/public/index.php [运行时间：0.041393s][吞吐率：24.16req/s] [内存消耗：1,193.86kb] [文件加载：45]
[ info ] [ LANG ] D:\wamp64\www\tp5.1\thinkphp/lang/zh-cn.php
[ info ] [ ROUTE ] array (
)
[ info ] [ HEADER ] array (
  'host' => 'localhost',
  'connection' => 'keep-alive',
  'pragma' => 'no-cache',
  'cache-control' => 'no-cache',
  'upgrade-insecure-requests' => '1',
  'user-agent' => 'Mozilla/5.0 (Windows NT 10.0; WOW64) AppleWebKit/537.36 (KHTML, like Gecko) Chrome/63.0.3239.132 Safari/537.36',
  'accept' => 'text/html,application/xhtml+xml,application/xml;q=0.9,image/webp,image/apng,*/*;q=0.8',
  'accept-encoding' => 'gzip, deflate, br',
  'accept-language' => 'zh-CN,zh;q=0.9',
  'cookie' => 'home_lang=cn; admin_lang=cn; PHPSESSID=3s0sabj3i34bne0h72b15vvbi2; workspaceParam=index%7COther; pgv_pvi=9683222528; pgv_si=s5169178624',
)
[ info ] [ PARAM ] array (
)
[ info ] [ LOG ] INIT File
---------------------------------------------------------------
[ 2019-05-05T16:56:48+08:00 ] 0.0.0.0 GET /tp5.1/public/
[ info ] localhost/tp5.1/public/ [运行时间：0.024703s][吞吐率：40.48req/s] [内存消耗：1,193.26kb] [文件加载：45]
[ info ] [ LANG ] D:\wamp64\www\tp5.1\thinkphp/lang/zh-cn.php
[ info ] [ ROUTE ] array (
)
[ info ] [ HEADER ] array (
  'host' => 'localhost',
  'connection' => 'keep-alive',
  'upgrade-insecure-requests' => '1',
  'user-agent' => 'Mozilla/5.0 (Windows NT 10.0; WOW64) AppleWebKit/537.36 (KHTML, like Gecko) Chrome/63.0.3239.132 Safari/537.36',
  'accept' => 'text/html,application/xhtml+xml,application/xml;q=0.9,image/webp,image/apng,*/*;q=0.8',
  'accept-encoding' => 'gzip, deflate, br',
  'accept-language' => 'zh-CN,zh;q=0.9',
  'cookie' => 'home_lang=cn; admin_lang=cn; PHPSESSID=3s0sabj3i34bne0h72b15vvbi2; workspaceParam=index%7COther; pgv_pvi=9683222528; pgv_si=s5169178624',
)
[ info ] [ PARAM ] array (
)
[ info ] [ LOG ] INIT File
---------------------------------------------------------------
[ 2019-05-05T16:57:48+08:00 ] 0.0.0.0 GET /tp5.1/public/index.php/hello
[ info ] localhost/tp5.1/public/index.php/hello [运行时间：0.024573s][吞吐率：40.70req/s] [内存消耗：1,309.36kb] [文件加载：48]
[ info ] [ LANG ] D:\wamp64\www\tp5.1\thinkphp/lang/zh-cn.php
[ info ] [ ROUTE ] array (
)
[ info ] [ HEADER ] array (
  'host' => 'localhost',
  'connection' => 'keep-alive',
  'upgrade-insecure-requests' => '1',
  'user-agent' => 'Mozilla/5.0 (Windows NT 10.0; WOW64) AppleWebKit/537.36 (KHTML, like Gecko) Chrome/63.0.3239.132 Safari/537.36',
  'accept' => 'text/html,application/xhtml+xml,application/xml;q=0.9,image/webp,image/apng,*/*;q=0.8',
  'accept-encoding' => 'gzip, deflate, br',
  'accept-language' => 'zh-CN,zh;q=0.9',
  'cookie' => 'home_lang=cn; admin_lang=cn; PHPSESSID=3s0sabj3i34bne0h72b15vvbi2; workspaceParam=index%7COther; pgv_pvi=9683222528; pgv_si=s5169178624',
)
[ info ] [ PARAM ] array (
)
[ info ] [ LOG ] INIT File
---------------------------------------------------------------
[ 2019-05-05T16:58:01+08:00 ] 0.0.0.0 GET /tp5.1/public/index.php
[ info ] localhost/tp5.1/public/index.php [运行时间：0.046170s][吞吐率：21.66req/s] [内存消耗：1,193.27kb] [文件加载：45]
[ info ] [ LANG ] D:\wamp64\www\tp5.1\thinkphp/lang/zh-cn.php
[ info ] [ ROUTE ] array (
)
[ info ] [ HEADER ] array (
  'host' => 'localhost',
  'connection' => 'keep-alive',
  'upgrade-insecure-requests' => '1',
  'user-agent' => 'Mozilla/5.0 (Windows NT 10.0; WOW64) AppleWebKit/537.36 (KHTML, like Gecko) Chrome/63.0.3239.132 Safari/537.36',
  'accept' => 'text/html,application/xhtml+xml,application/xml;q=0.9,image/webp,image/apng,*/*;q=0.8',
  'accept-encoding' => 'gzip, deflate, br',
  'accept-language' => 'zh-CN,zh;q=0.9',
  'cookie' => 'home_lang=cn; admin_lang=cn; PHPSESSID=3s0sabj3i34bne0h72b15vvbi2; workspaceParam=index%7COther; pgv_pvi=9683222528; pgv_si=s5169178624',
)
[ info ] [ PARAM ] array (
)
[ info ] [ LOG ] INIT File
---------------------------------------------------------------
[ 2019-05-05T17:05:22+08:00 ] 0.0.0.0 GET /tp5.1/public/index.php
[ info ] localhost/tp5.1/public/index.php [运行时间：0.026507s][吞吐率：37.73req/s] [内存消耗：1,193.79kb] [文件加载：45]
[ info ] [ LANG ] D:\wamp64\www\tp5.1\thinkphp/lang/zh-cn.php
[ info ] [ ROUTE ] array (
)
[ info ] [ HEADER ] array (
  'host' => 'localhost',
  'connection' => 'keep-alive',
  'cache-control' => 'max-age=0',
  'upgrade-insecure-requests' => '1',
  'user-agent' => 'Mozilla/5.0 (Windows NT 10.0; WOW64) AppleWebKit/537.36 (KHTML, like Gecko) Chrome/63.0.3239.132 Safari/537.36',
  'accept' => 'text/html,application/xhtml+xml,application/xml;q=0.9,image/webp,image/apng,*/*;q=0.8',
  'accept-encoding' => 'gzip, deflate, br',
  'accept-language' => 'zh-CN,zh;q=0.9',
  'cookie' => 'home_lang=cn; admin_lang=cn; PHPSESSID=3s0sabj3i34bne0h72b15vvbi2; workspaceParam=index%7COther; pgv_pvi=9683222528; pgv_si=s5169178624',
)
[ info ] [ PARAM ] array (
)
[ info ] [ LOG ] INIT File
---------------------------------------------------------------
[ 2019-05-05T17:06:10+08:00 ] 0.0.0.0 GET /tp5.1/public/
[ info ] localhost/tp5.1/public/ [运行时间：0.021383s][吞吐率：46.77req/s] [内存消耗：1,192.99kb] [文件加载：45]
[ info ] [ LANG ] D:\wamp64\www\tp5.1\thinkphp/lang/zh-cn.php
[ info ] [ ROUTE ] array (
)
[ info ] [ HEADER ] array (
  'host' => 'localhost',
  'connection' => 'keep-alive',
  'upgrade-insecure-requests' => '1',
  'user-agent' => 'Mozilla/5.0 (Windows NT 10.0; Win64; x64) AppleWebKit/537.36 (KHTML, like Gecko) Chrome/73.0.3683.86 Safari/537.36',
  'accept' => 'text/html,application/xhtml+xml,application/xml;q=0.9,image/webp,image/apng,*/*;q=0.8,application/signed-exchange;v=b3',
  'accept-encoding' => 'gzip, deflate, br',
  'accept-language' => 'zh-CN,zh;q=0.9',
  'cookie' => 'PHPSESSID=r5buele02vjl7pn0sonb4aevs0; home_lang=cn; admin_lang=cn',
)
[ info ] [ PARAM ] array (
)
[ info ] [ LOG ] INIT File
